Using pre-set license

 COMMAND LINE ARGUMENTS:
/Applications/Unity/Hub/Editor/2020.3.0f1/Unity.app/Contents/MacOS/Unity
-adb2
-batchMode
-noUpm
-name
AssetImportWorker0
-projectPath
/Users/sriyesh/Documents/Ray Tracing C++/3D model world building/New Unity Project
-logFile
Logs/AssetImportWorker0.log
-srvPort
60336
Successfully changed project path to: /Users/sriyesh/Documents/Ray Tracing C++/3D model world building/New Unity Project
/Users/sriyesh/Documents/Ray Tracing C++/3D model world building/New Unity Project
Using Asset Import Pipeline V2.
Refreshing native plugins compatible for Editor in 134.71 ms, found 1 plugins.
Preloading 0 native plugins for Editor in 0.00 ms.
Initialize engine version: 2020.3.0f1 (c7b5465681fb)
[Subsystems] Discovering subsystems at path /Applications/Unity/Hub/Editor/2020.3.0f1/Unity.app/Contents/Resources/UnitySubsystems
[Subsystems] Discovering subsystems at path /Users/sriyesh/Documents/Ray Tracing C++/3D model world building/New Unity Project/Assets
GfxDevice: creating device client; threaded=0
2024-05-29 11:33:12.390 Unity[78905:2669665] Color LCD preferred device: Intel(R) Iris(TM) Plus Graphics 645 (low power)
2024-05-29 11:33:12.390 Unity[78905:2669665] Metal devices available: 1
2024-05-29 11:33:12.391 Unity[78905:2669665] 0: Intel(R) Iris(TM) Plus Graphics 645 (low power)
2024-05-29 11:33:12.392 Unity[78905:2669665] Using device Intel(R) Iris(TM) Plus Graphics 645 (low power)
Initializing Metal device caps: Intel(R) Iris(TM) Plus Graphics 645
Initialize mono
Mono path[0] = '/Applications/Unity/Hub/Editor/2020.3.0f1/Unity.app/Contents/Managed'
Mono path[1] = '/Applications/Unity/Hub/Editor/2020.3.0f1/Unity.app/Contents/MonoBleedingEdge/lib/mono/unityjit'
Mono config path = '/Applications/Unity/Hub/Editor/2020.3.0f1/Unity.app/Contents/MonoBleedingEdge/etc'
Using monoOptions --debugger-agent=transport=dt_socket,embedding=1,server=y,suspend=n,address=127.0.0.1:56905
Begin MonoManager ReloadAssembly
Registering precompiled unity dll's ...
Register platform support module: /Applications/Unity/Hub/Editor/2020.3.0f1/Unity.app/Contents/PlaybackEngines/MacStandaloneSupport/UnityEditor.OSXStandalone.Extensions.dll
Registered in 0.002767 seconds.
Native extension for OSXStandalone target not found
Refreshing native plugins compatible for Editor in 116.91 ms, found 1 plugins.
Preloading 0 native plugins for Editor in 0.00 ms.
Invoked RoslynAnalysisRunner static constructor.
RoslynAnalysisRunner will not be running.
RoslynAnalysisRunner has terminated.
Mono: successfully reloaded assembly
- Completed reload, in  6.954 seconds
Platform modules already initialized, skipping
Registering precompiled user dll's ...
Registered in 0.004156 seconds.
Begin MonoManager ReloadAssembly
Native extension for OSXStandalone target not found
Refreshing native plugins compatible for Editor in 0.38 ms, found 1 plugins.
Preloading 0 native plugins for Editor in 0.00 ms.
Invoked RoslynAnalysisRunner static constructor.
RoslynAnalysisRunner will not be running.
RoslynAnalysisRunner has terminated.
Mono: successfully reloaded assembly
- Completed reload, in  2.159 seconds
Platform modules already initialized, skipping
========================================================================
Worker process is ready to serve import requests
Launching external process: /Applications/Unity/Hub/Editor/2020.3.0f1/Unity.app/Contents/Tools/UnityShaderCompiler
Launched and connected shader compiler UnityShaderCompiler after 0.50 seconds
Refreshing native plugins compatible for Editor in 0.50 ms, found 1 plugins.
Preloading 0 native plugins for Editor in 0.00 ms.
Unloading 1114 Unused Serialized files (Serialized files now loaded: 0)
System memory in use before: 50.2 MB.
System memory in use after: 50.3 MB.

Unloading 9 unused Assets to reduce memory usage. Loaded Objects now: 1557.
Total: 8.105691 ms (FindLiveObjects: 0.824367 ms CreateObjectMapping: 0.095247 ms MarkObjects: 6.432628 ms  DeleteObjects: 0.751124 ms)

========================================================================
Received Import Request.
  path: Assets/CreateOctree.cs
  artifactKey: Guid(2712f43e85d764dcb8a3463d84d67f7d) Importer(815301076,1909f56bfc062723c751e8b465ee728b)
Start importing Assets/CreateOctree.cs using Guid(2712f43e85d764dcb8a3463d84d67f7d) Importer(815301076,1909f56bfc062723c751e8b465ee728b)  -> (artifact id: '6bb733facd913b33f6286a7ab44998e3') in 1.345443 seconds
  Import took 1.350237 seconds .

========================================================================
Received Prepare
Registering precompiled user dll's ...
Registered in 0.001140 seconds.
Begin MonoManager ReloadAssembly
Native extension for OSXStandalone target not found
Refreshing native plugins compatible for Editor in 0.40 ms, found 1 plugins.
Preloading 0 native plugins for Editor in 0.00 ms.
Invoked RoslynAnalysisRunner static constructor.
RoslynAnalysisRunner will not be running.
RoslynAnalysisRunner has terminated.
Mono: successfully reloaded assembly
- Completed reload, in  2.631 seconds
Platform modules already initialized, skipping
Refreshing native plugins compatible for Editor in 0.46 ms, found 1 plugins.
Preloading 0 native plugins for Editor in 0.00 ms.
Unloading 1109 Unused Serialized files (Serialized files now loaded: 0)
System memory in use before: 125.5 MB.
System memory in use after: 125.6 MB.

Unloading 4 unused Assets to reduce memory usage. Loaded Objects now: 1561.
Total: 4.100888 ms (FindLiveObjects: 0.590159 ms CreateObjectMapping: 0.123144 ms MarkObjects: 3.332086 ms  DeleteObjects: 0.052590 ms)

========================================================================
Received Import Request.
  Time since last request: 23.625321 seconds.
  path: Assets/OctreeNode.cs
  artifactKey: Guid(5a2e7b627c6a249d78ccafaa5c1ba8cd) Importer(815301076,1909f56bfc062723c751e8b465ee728b)
Start importing Assets/OctreeNode.cs using Guid(5a2e7b627c6a249d78ccafaa5c1ba8cd) Importer(815301076,1909f56bfc062723c751e8b465ee728b)  -> (artifact id: '839ebfcbbaba89b7ab545bcfdd27c5e0') in 0.019849 seconds
  Import took 0.024965 seconds .

========================================================================
Received Prepare
Registering precompiled user dll's ...
Registered in 0.001155 seconds.
Begin MonoManager ReloadAssembly
Native extension for OSXStandalone target not found
Refreshing native plugins compatible for Editor in 0.62 ms, found 1 plugins.
Preloading 0 native plugins for Editor in 0.00 ms.
Invoked RoslynAnalysisRunner static constructor.
RoslynAnalysisRunner will not be running.
RoslynAnalysisRunner has terminated.
Mono: successfully reloaded assembly
- Completed reload, in  4.083 seconds
Platform modules already initialized, skipping
Refreshing native plugins compatible for Editor in 0.34 ms, found 1 plugins.
Preloading 0 native plugins for Editor in 0.00 ms.
Unloading 1110 Unused Serialized files (Serialized files now loaded: 0)
System memory in use before: 127.2 MB.
System memory in use after: 127.3 MB.

Unloading 4 unused Assets to reduce memory usage. Loaded Objects now: 1565.
Total: 4.124917 ms (FindLiveObjects: 0.376717 ms CreateObjectMapping: 0.125350 ms MarkObjects: 3.557956 ms  DeleteObjects: 0.061556 ms)

========================================================================
Received Prepare
Registering precompiled user dll's ...
Registered in 0.000546 seconds.
Begin MonoManager ReloadAssembly
Native extension for OSXStandalone target not found
Refreshing native plugins compatible for Editor in 0.41 ms, found 1 plugins.
Preloading 0 native plugins for Editor in 0.00 ms.
Invoked RoslynAnalysisRunner static constructor.
RoslynAnalysisRunner will not be running.
RoslynAnalysisRunner has terminated.
Mono: successfully reloaded assembly
- Completed reload, in  1.140 seconds
Platform modules already initialized, skipping
Refreshing native plugins compatible for Editor in 0.23 ms, found 1 plugins.
Preloading 0 native plugins for Editor in 0.00 ms.
Unloading 1110 Unused Serialized files (Serialized files now loaded: 0)
System memory in use before: 128.8 MB.
System memory in use after: 128.9 MB.

Unloading 4 unused Assets to reduce memory usage. Loaded Objects now: 1568.
Total: 2.289293 ms (FindLiveObjects: 0.294968 ms CreateObjectMapping: 0.059342 ms MarkObjects: 1.901800 ms  DeleteObjects: 0.031401 ms)

========================================================================
Received Import Request.
  Time since last request: 187.042717 seconds.
  path: Assets/OctreeNode.cs
  artifactKey: Guid(5a2e7b627c6a249d78ccafaa5c1ba8cd) Importer(815301076,1909f56bfc062723c751e8b465ee728b)
Start importing Assets/OctreeNode.cs using Guid(5a2e7b627c6a249d78ccafaa5c1ba8cd) Importer(815301076,1909f56bfc062723c751e8b465ee728b)  -> (artifact id: '1320f9b201df03160b6ba85554cf8178') in 0.012682 seconds
  Import took 0.015514 seconds .

========================================================================
Received Import Request.
  Time since last request: 187.961780 seconds.
  path: Assets/Octree.cs
  artifactKey: Guid(0897c7afac42e45e5be8c78177f91458) Importer(815301076,1909f56bfc062723c751e8b465ee728b)
Start importing Assets/Octree.cs using Guid(0897c7afac42e45e5be8c78177f91458) Importer(815301076,1909f56bfc062723c751e8b465ee728b)  -> (artifact id: '2275acef45d529bfeee1dbea151ce6e0') in 0.009475 seconds
  Import took 0.025434 seconds .

========================================================================
Received Prepare
Registering precompiled user dll's ...
Registered in 0.000487 seconds.
Begin MonoManager ReloadAssembly
Native extension for OSXStandalone target not found
Refreshing native plugins compatible for Editor in 0.29 ms, found 1 plugins.
Preloading 0 native plugins for Editor in 0.00 ms.
Invoked RoslynAnalysisRunner static constructor.
RoslynAnalysisRunner will not be running.
RoslynAnalysisRunner has terminated.
Mono: successfully reloaded assembly
- Completed reload, in  1.084 seconds
Platform modules already initialized, skipping
Refreshing native plugins compatible for Editor in 0.32 ms, found 1 plugins.
Preloading 0 native plugins for Editor in 0.00 ms.
Unloading 1110 Unused Serialized files (Serialized files now loaded: 0)
System memory in use before: 130.5 MB.
System memory in use after: 130.6 MB.

Unloading 4 unused Assets to reduce memory usage. Loaded Objects now: 1571.
Total: 2.071244 ms (FindLiveObjects: 0.352420 ms CreateObjectMapping: 0.079073 ms MarkObjects: 1.611594 ms  DeleteObjects: 0.025469 ms)

========================================================================
Received Import Request.
  Time since last request: 287.734000 seconds.
  path: Assets/Octree.cs
  artifactKey: Guid(0897c7afac42e45e5be8c78177f91458) Importer(815301076,1909f56bfc062723c751e8b465ee728b)
Start importing Assets/Octree.cs using Guid(0897c7afac42e45e5be8c78177f91458) Importer(815301076,1909f56bfc062723c751e8b465ee728b)  -> (artifact id: '438e9371f8e859c07845372ef6eb2332') in 0.054664 seconds
  Import took 0.071429 seconds .

========================================================================
Received Prepare
Registering precompiled user dll's ...
Registered in 0.000429 seconds.
Begin MonoManager ReloadAssembly
Native extension for OSXStandalone target not found
Refreshing native plugins compatible for Editor in 0.24 ms, found 1 plugins.
Preloading 0 native plugins for Editor in 0.00 ms.
Invoked RoslynAnalysisRunner static constructor.
RoslynAnalysisRunner will not be running.
RoslynAnalysisRunner has terminated.
Mono: successfully reloaded assembly
- Completed reload, in  0.914 seconds
Platform modules already initialized, skipping
Refreshing native plugins compatible for Editor in 0.31 ms, found 1 plugins.
Preloading 0 native plugins for Editor in 0.00 ms.
Unloading 1110 Unused Serialized files (Serialized files now loaded: 0)
System memory in use before: 132.1 MB.
System memory in use after: 132.2 MB.

Unloading 4 unused Assets to reduce memory usage. Loaded Objects now: 1574.
Total: 2.901588 ms (FindLiveObjects: 0.365066 ms CreateObjectMapping: 0.068259 ms MarkObjects: 2.404691 ms  DeleteObjects: 0.061722 ms)

========================================================================
Received Import Request.
  Time since last request: 23.771052 seconds.
  path: Assets/Octree.cs
  artifactKey: Guid(0897c7afac42e45e5be8c78177f91458) Importer(815301076,1909f56bfc062723c751e8b465ee728b)
Start importing Assets/Octree.cs using Guid(0897c7afac42e45e5be8c78177f91458) Importer(815301076,1909f56bfc062723c751e8b465ee728b)  -> (artifact id: '86b629adf2e83af87db5d8e53ad32bfa') in 0.010533 seconds
  Import took 0.013302 seconds .

========================================================================
Received Import Request.
  Time since last request: 642.298242 seconds.
  path: Assets/CreateOctree.cs
  artifactKey: Guid(2712f43e85d764dcb8a3463d84d67f7d) Importer(815301076,1909f56bfc062723c751e8b465ee728b)
Start importing Assets/CreateOctree.cs using Guid(2712f43e85d764dcb8a3463d84d67f7d) Importer(815301076,1909f56bfc062723c751e8b465ee728b)  -> (artifact id: '0a42bb523601bd004148713aeaf369e0') in 0.016562 seconds
  Import took 0.033768 seconds .

========================================================================
Received Import Request.
  Time since last request: 7.282816 seconds.
  path: Assets/CreateOctree.cs
  artifactKey: Guid(2712f43e85d764dcb8a3463d84d67f7d) Importer(815301076,1909f56bfc062723c751e8b465ee728b)
Start importing Assets/CreateOctree.cs using Guid(2712f43e85d764dcb8a3463d84d67f7d) Importer(815301076,1909f56bfc062723c751e8b465ee728b)  -> (artifact id: '84401fd8e5580720917c9e2e8ca35b52') in 0.004410 seconds
  Import took 0.007007 seconds .

========================================================================
Received Prepare
Registering precompiled user dll's ...
Registered in 0.000442 seconds.
Begin MonoManager ReloadAssembly
Native extension for OSXStandalone target not found
Refreshing native plugins compatible for Editor in 0.24 ms, found 1 plugins.
Preloading 0 native plugins for Editor in 0.00 ms.
Invoked RoslynAnalysisRunner static constructor.
RoslynAnalysisRunner will not be running.
RoslynAnalysisRunner has terminated.
Mono: successfully reloaded assembly
- Completed reload, in  0.908 seconds
Platform modules already initialized, skipping
Refreshing native plugins compatible for Editor in 0.21 ms, found 1 plugins.
Preloading 0 native plugins for Editor in 0.00 ms.
Unloading 1110 Unused Serialized files (Serialized files now loaded: 0)
System memory in use before: 133.8 MB.
System memory in use after: 133.9 MB.

Unloading 4 unused Assets to reduce memory usage. Loaded Objects now: 1577.
Total: 3.926301 ms (FindLiveObjects: 0.690218 ms CreateObjectMapping: 0.103048 ms MarkObjects: 3.059178 ms  DeleteObjects: 0.071180 ms)

========================================================================
Received Import Request.
  Time since last request: 40.210135 seconds.
  path: Assets/CreateOctree.cs
  artifactKey: Guid(2712f43e85d764dcb8a3463d84d67f7d) Importer(815301076,1909f56bfc062723c751e8b465ee728b)
Start importing Assets/CreateOctree.cs using Guid(2712f43e85d764dcb8a3463d84d67f7d) Importer(815301076,1909f56bfc062723c751e8b465ee728b)  -> (artifact id: '9e8b9db8d989511d6fc23e7231c51090') in 0.011390 seconds
  Import took 0.016604 seconds .

========================================================================
Received Prepare
Registering precompiled user dll's ...
Registered in 0.000432 seconds.
Begin MonoManager ReloadAssembly
Native extension for OSXStandalone target not found
Refreshing native plugins compatible for Editor in 0.24 ms, found 1 plugins.
Preloading 0 native plugins for Editor in 0.00 ms.
Invoked RoslynAnalysisRunner static constructor.
RoslynAnalysisRunner will not be running.
RoslynAnalysisRunner has terminated.
Mono: successfully reloaded assembly
- Completed reload, in  0.762 seconds
Platform modules already initialized, skipping
Refreshing native plugins compatible for Editor in 0.18 ms, found 1 plugins.
Preloading 0 native plugins for Editor in 0.00 ms.
Unloading 1110 Unused Serialized files (Serialized files now loaded: 0)
System memory in use before: 135.4 MB.
System memory in use after: 135.5 MB.

Unloading 4 unused Assets to reduce memory usage. Loaded Objects now: 1580.
Total: 1.777001 ms (FindLiveObjects: 0.168284 ms CreateObjectMapping: 0.033949 ms MarkObjects: 1.557740 ms  DeleteObjects: 0.014935 ms)

========================================================================
Received Prepare
Registering precompiled user dll's ...
Registered in 0.001167 seconds.
Begin MonoManager ReloadAssembly
Native extension for OSXStandalone target not found
Refreshing native plugins compatible for Editor in 0.25 ms, found 1 plugins.
Preloading 0 native plugins for Editor in 0.00 ms.
Invoked RoslynAnalysisRunner static constructor.
RoslynAnalysisRunner will not be running.
RoslynAnalysisRunner has terminated.
Mono: successfully reloaded assembly
- Completed reload, in  0.908 seconds
Platform modules already initialized, skipping
Refreshing native plugins compatible for Editor in 0.19 ms, found 1 plugins.
Preloading 0 native plugins for Editor in 0.00 ms.
Unloading 1110 Unused Serialized files (Serialized files now loaded: 0)
System memory in use before: 137.1 MB.
System memory in use after: 137.2 MB.

Unloading 4 unused Assets to reduce memory usage. Loaded Objects now: 1583.
Total: 1.961621 ms (FindLiveObjects: 0.211378 ms CreateObjectMapping: 0.039285 ms MarkObjects: 1.694268 ms  DeleteObjects: 0.015454 ms)

========================================================================
Received Prepare
Registering precompiled user dll's ...
Registered in 0.000514 seconds.
Begin MonoManager ReloadAssembly
Native extension for OSXStandalone target not found
Refreshing native plugins compatible for Editor in 0.24 ms, found 1 plugins.
Preloading 0 native plugins for Editor in 0.00 ms.
Invoked RoslynAnalysisRunner static constructor.
RoslynAnalysisRunner will not be running.
RoslynAnalysisRunner has terminated.
Mono: successfully reloaded assembly
- Completed reload, in  0.858 seconds
Platform modules already initialized, skipping
Refreshing native plugins compatible for Editor in 0.21 ms, found 1 plugins.
Preloading 0 native plugins for Editor in 0.00 ms.
Unloading 1110 Unused Serialized files (Serialized files now loaded: 0)
System memory in use before: 138.7 MB.
System memory in use after: 138.8 MB.

Unloading 4 unused Assets to reduce memory usage. Loaded Objects now: 1586.
Total: 2.814533 ms (FindLiveObjects: 0.265901 ms CreateObjectMapping: 0.067319 ms MarkObjects: 2.436480 ms  DeleteObjects: 0.042417 ms)

========================================================================
Received Import Request.
  Time since last request: 255.786677 seconds.
  path: Assets/Octree.cs
  artifactKey: Guid(0897c7afac42e45e5be8c78177f91458) Importer(815301076,1909f56bfc062723c751e8b465ee728b)
Start importing Assets/Octree.cs using Guid(0897c7afac42e45e5be8c78177f91458) Importer(815301076,1909f56bfc062723c751e8b465ee728b)  -> (artifact id: 'd8def2aa106aab070381a0f8a22b4122') in 0.012370 seconds
  Import took 0.015686 seconds .

========================================================================
Received Import Request.
  Time since last request: 0.019202 seconds.
  path: Assets/Octree.cs
  artifactKey: Guid(0897c7afac42e45e5be8c78177f91458) Importer(815301076,1909f56bfc062723c751e8b465ee728b)
Start importing Assets/Octree.cs using Guid(0897c7afac42e45e5be8c78177f91458) Importer(815301076,1909f56bfc062723c751e8b465ee728b)  -> (artifact id: 'd8def2aa106aab070381a0f8a22b4122') in 0.003681 seconds
  Import took 0.006531 seconds .

========================================================================
Received Import Request.
  Time since last request: 0.448978 seconds.
  path: Assets/OctreeNode.cs
  artifactKey: Guid(5a2e7b627c6a249d78ccafaa5c1ba8cd) Importer(815301076,1909f56bfc062723c751e8b465ee728b)
Start importing Assets/OctreeNode.cs using Guid(5a2e7b627c6a249d78ccafaa5c1ba8cd) Importer(815301076,1909f56bfc062723c751e8b465ee728b)  -> (artifact id: '3f369ef31d1722382acef4d97831dcc2') in 0.004265 seconds
  Import took 0.006889 seconds .

========================================================================
Received Prepare
Registering precompiled user dll's ...
Registered in 0.000643 seconds.
Begin MonoManager ReloadAssembly
Native extension for OSXStandalone target not found
Refreshing native plugins compatible for Editor in 0.23 ms, found 1 plugins.
Preloading 0 native plugins for Editor in 0.00 ms.
Invoked RoslynAnalysisRunner static constructor.
RoslynAnalysisRunner will not be running.
RoslynAnalysisRunner has terminated.
Mono: successfully reloaded assembly
- Completed reload, in  0.900 seconds
Platform modules already initialized, skipping
Refreshing native plugins compatible for Editor in 0.23 ms, found 1 plugins.
Preloading 0 native plugins for Editor in 0.00 ms.
Unloading 1110 Unused Serialized files (Serialized files now loaded: 0)
System memory in use before: 140.3 MB.
System memory in use after: 140.4 MB.

Unloading 4 unused Assets to reduce memory usage. Loaded Objects now: 1589.
Total: 1.964858 ms (FindLiveObjects: 0.262687 ms CreateObjectMapping: 0.039274 ms MarkObjects: 1.634102 ms  DeleteObjects: 0.027047 ms)

========================================================================
Received Prepare
Registering precompiled user dll's ...
Registered in 0.001417 seconds.
Begin MonoManager ReloadAssembly
Native extension for OSXStandalone target not found
Refreshing native plugins compatible for Editor in 0.24 ms, found 1 plugins.
Preloading 0 native plugins for Editor in 0.00 ms.
Invoked RoslynAnalysisRunner static constructor.
RoslynAnalysisRunner will not be running.
RoslynAnalysisRunner has terminated.
Mono: successfully reloaded assembly
- Completed reload, in  1.236 seconds
Platform modules already initialized, skipping
Refreshing native plugins compatible for Editor in 0.21 ms, found 1 plugins.
Preloading 0 native plugins for Editor in 0.00 ms.
Unloading 1110 Unused Serialized files (Serialized files now loaded: 0)
System memory in use before: 142.0 MB.
System memory in use after: 142.1 MB.

Unloading 4 unused Assets to reduce memory usage. Loaded Objects now: 1592.
Total: 1.788763 ms (FindLiveObjects: 0.137787 ms CreateObjectMapping: 0.032105 ms MarkObjects: 1.591803 ms  DeleteObjects: 0.025341 ms)

========================================================================
Received Prepare
Registering precompiled user dll's ...
Registered in 0.000522 seconds.
Begin MonoManager ReloadAssembly
Native extension for OSXStandalone target not found
Refreshing native plugins compatible for Editor in 0.25 ms, found 1 plugins.
Preloading 0 native plugins for Editor in 0.00 ms.
Invoked RoslynAnalysisRunner static constructor.
RoslynAnalysisRunner will not be running.
RoslynAnalysisRunner has terminated.
Mono: successfully reloaded assembly
- Completed reload, in  0.868 seconds
Platform modules already initialized, skipping
Refreshing native plugins compatible for Editor in 0.18 ms, found 1 plugins.
Preloading 0 native plugins for Editor in 0.00 ms.
Unloading 1110 Unused Serialized files (Serialized files now loaded: 0)
System memory in use before: 143.6 MB.
System memory in use after: 143.7 MB.

Unloading 4 unused Assets to reduce memory usage. Loaded Objects now: 1595.
Total: 1.761780 ms (FindLiveObjects: 0.232732 ms CreateObjectMapping: 0.041125 ms MarkObjects: 1.439855 ms  DeleteObjects: 0.038112 ms)

========================================================================
Received Prepare
Registering precompiled user dll's ...
Registered in 0.001786 seconds.
Begin MonoManager ReloadAssembly
Native extension for OSXStandalone target not found
Refreshing native plugins compatible for Editor in 0.27 ms, found 1 plugins.
Preloading 0 native plugins for Editor in 0.00 ms.
Invoked RoslynAnalysisRunner static constructor.
RoslynAnalysisRunner will not be running.
RoslynAnalysisRunner has terminated.
Mono: successfully reloaded assembly
- Completed reload, in  0.903 seconds
Platform modules already initialized, skipping
Refreshing native plugins compatible for Editor in 0.18 ms, found 1 plugins.
Preloading 0 native plugins for Editor in 0.00 ms.
Unloading 1110 Unused Serialized files (Serialized files now loaded: 0)
System memory in use before: 145.2 MB.
System memory in use after: 145.3 MB.

Unloading 4 unused Assets to reduce memory usage. Loaded Objects now: 1598.
Total: 1.591942 ms (FindLiveObjects: 0.143993 ms CreateObjectMapping: 0.034628 ms MarkObjects: 1.396698 ms  DeleteObjects: 0.015103 ms)

========================================================================
Received Import Request.
  Time since last request: 1594.070287 seconds.
  path: Assets/CreateOctree.cs
  artifactKey: Guid(2712f43e85d764dcb8a3463d84d67f7d) Importer(815301076,1909f56bfc062723c751e8b465ee728b)
Start importing Assets/CreateOctree.cs using Guid(2712f43e85d764dcb8a3463d84d67f7d) Importer(815301076,1909f56bfc062723c751e8b465ee728b)  -> (artifact id: 'bc546b074f7d2f38fccc1a4d3490b5df') in 0.021099 seconds
  Import took 0.028970 seconds .

========================================================================
Received Prepare
Registering precompiled user dll's ...
Registered in 0.001649 seconds.
Begin MonoManager ReloadAssembly
Native extension for OSXStandalone target not found
Refreshing native plugins compatible for Editor in 0.23 ms, found 1 plugins.
Preloading 0 native plugins for Editor in 0.00 ms.
Invoked RoslynAnalysisRunner static constructor.
RoslynAnalysisRunner will not be running.
RoslynAnalysisRunner has terminated.
Mono: successfully reloaded assembly
- Completed reload, in  1.114 seconds
Platform modules already initialized, skipping
Refreshing native plugins compatible for Editor in 0.44 ms, found 1 plugins.
Preloading 0 native plugins for Editor in 0.00 ms.
Unloading 1110 Unused Serialized files (Serialized files now loaded: 0)
System memory in use before: 146.9 MB.
System memory in use after: 147.0 MB.

Unloading 4 unused Assets to reduce memory usage. Loaded Objects now: 1601.
Total: 3.132306 ms (FindLiveObjects: 0.391918 ms CreateObjectMapping: 0.084065 ms MarkObjects: 2.590000 ms  DeleteObjects: 0.064200 ms)

========================================================================
Received Import Request.
  Time since last request: 1799.233820 seconds.
  path: Assets/Octree.cs
  artifactKey: Guid(0897c7afac42e45e5be8c78177f91458) Importer(815301076,1909f56bfc062723c751e8b465ee728b)
Start importing Assets/Octree.cs using Guid(0897c7afac42e45e5be8c78177f91458) Importer(815301076,1909f56bfc062723c751e8b465ee728b)  -> (artifact id: '94784dfb4f7ebd2d0a31c0b913c5b0cc') in 0.041969 seconds
  Import took 0.078096 seconds .

========================================================================
Received Prepare
Registering precompiled user dll's ...
Registered in 0.002365 seconds.
Begin MonoManager ReloadAssembly
Native extension for OSXStandalone target not found
Refreshing native plugins compatible for Editor in 0.23 ms, found 1 plugins.
Preloading 0 native plugins for Editor in 0.00 ms.
Invoked RoslynAnalysisRunner static constructor.
RoslynAnalysisRunner will not be running.
RoslynAnalysisRunner has terminated.
Mono: successfully reloaded assembly
- Completed reload, in  0.936 seconds
Platform modules already initialized, skipping
Refreshing native plugins compatible for Editor in 0.19 ms, found 1 plugins.
Preloading 0 native plugins for Editor in 0.00 ms.
Unloading 1110 Unused Serialized files (Serialized files now loaded: 0)
System memory in use before: 148.6 MB.
System memory in use after: 148.7 MB.

Unloading 4 unused Assets to reduce memory usage. Loaded Objects now: 1604.
Total: 3.050608 ms (FindLiveObjects: 0.423007 ms CreateObjectMapping: 0.081507 ms MarkObjects: 2.470414 ms  DeleteObjects: 0.074005 ms)

========================================================================
Received Prepare
Registering precompiled user dll's ...
Registered in 0.000509 seconds.
Begin MonoManager ReloadAssembly
Native extension for OSXStandalone target not found
Refreshing native plugins compatible for Editor in 0.25 ms, found 1 plugins.
Preloading 0 native plugins for Editor in 0.00 ms.
Invoked RoslynAnalysisRunner static constructor.
RoslynAnalysisRunner will not be running.
RoslynAnalysisRunner has terminated.
Mono: successfully reloaded assembly
- Completed reload, in  0.796 seconds
Platform modules already initialized, skipping
Refreshing native plugins compatible for Editor in 0.22 ms, found 1 plugins.
Preloading 0 native plugins for Editor in 0.00 ms.
Unloading 1110 Unused Serialized files (Serialized files now loaded: 0)
System memory in use before: 150.2 MB.
System memory in use after: 150.3 MB.

Unloading 4 unused Assets to reduce memory usage. Loaded Objects now: 1607.
Total: 1.730477 ms (FindLiveObjects: 0.167076 ms CreateObjectMapping: 0.035657 ms MarkObjects: 1.510680 ms  DeleteObjects: 0.015639 ms)

========================================================================
Received Prepare
Registering precompiled user dll's ...
Registered in 0.000632 seconds.
Begin MonoManager ReloadAssembly
Native extension for OSXStandalone target not found
Refreshing native plugins compatible for Editor in 0.22 ms, found 1 plugins.
Preloading 0 native plugins for Editor in 0.00 ms.
Invoked RoslynAnalysisRunner static constructor.
RoslynAnalysisRunner will not be running.
RoslynAnalysisRunner has terminated.
Mono: successfully reloaded assembly
- Completed reload, in  0.885 seconds
Platform modules already initialized, skipping
Refreshing native plugins compatible for Editor in 0.29 ms, found 1 plugins.
Preloading 0 native plugins for Editor in 0.00 ms.
Unloading 1110 Unused Serialized files (Serialized files now loaded: 0)
System memory in use before: 151.8 MB.
System memory in use after: 151.9 MB.

Unloading 4 unused Assets to reduce memory usage. Loaded Objects now: 1610.
Total: 2.347711 ms (FindLiveObjects: 0.626369 ms CreateObjectMapping: 0.122890 ms MarkObjects: 1.553111 ms  DeleteObjects: 0.039664 ms)

========================================================================
Received Prepare
Registering precompiled user dll's ...
Registered in 0.001821 seconds.
Begin MonoManager ReloadAssembly
Native extension for OSXStandalone target not found
Refreshing native plugins compatible for Editor in 0.24 ms, found 1 plugins.
Preloading 0 native plugins for Editor in 0.00 ms.
Invoked RoslynAnalysisRunner static constructor.
RoslynAnalysisRunner will not be running.
RoslynAnalysisRunner has terminated.
Mono: successfully reloaded assembly
- Completed reload, in  0.821 seconds
Platform modules already initialized, skipping
Refreshing native plugins compatible for Editor in 0.23 ms, found 1 plugins.
Preloading 0 native plugins for Editor in 0.00 ms.
Unloading 1110 Unused Serialized files (Serialized files now loaded: 0)
System memory in use before: 153.5 MB.
System memory in use after: 153.6 MB.

Unloading 4 unused Assets to reduce memory usage. Loaded Objects now: 1613.
Total: 1.749234 ms (FindLiveObjects: 0.201110 ms CreateObjectMapping: 0.041552 ms MarkObjects: 1.489044 ms  DeleteObjects: 0.015918 ms)

========================================================================
Received Import Request.
  Time since last request: 2920.489824 seconds.
  path: Assets/RedMaterial.mat
  artifactKey: Guid(beeb61b3a12ef42f1b1aa987b655d8c2) Importer(815301076,1909f56bfc062723c751e8b465ee728b)
Start importing Assets/RedMaterial.mat using Guid(beeb61b3a12ef42f1b1aa987b655d8c2) Importer(815301076,1909f56bfc062723c751e8b465ee728b)  -> (artifact id: 'e7064d6c2d785ae1762ed0a808fca8f3') in 2.054104 seconds
  Import took 2.080701 seconds .

========================================================================
Received Prepare
Registering precompiled user dll's ...
Registered in 0.001068 seconds.
Begin MonoManager ReloadAssembly
Native extension for OSXStandalone target not found
Refreshing native plugins compatible for Editor in 0.24 ms, found 1 plugins.
Preloading 0 native plugins for Editor in 0.00 ms.
Invoked RoslynAnalysisRunner static constructor.
RoslynAnalysisRunner will not be running.
RoslynAnalysisRunner has terminated.
Mono: successfully reloaded assembly
- Completed reload, in  1.059 seconds
Platform modules already initialized, skipping
Refreshing native plugins compatible for Editor in 0.23 ms, found 1 plugins.
Preloading 0 native plugins for Editor in 0.00 ms.
Unloading 1110 Unused Serialized files (Serialized files now loaded: 0)
System memory in use before: 230.8 MB.
System memory in use after: 230.9 MB.

Unloading 4 unused Assets to reduce memory usage. Loaded Objects now: 1656.
Total: 7.479475 ms (FindLiveObjects: 1.092050 ms CreateObjectMapping: 0.140779 ms MarkObjects: 6.190230 ms  DeleteObjects: 0.053981 ms)

========================================================================
Received Prepare
Registering precompiled user dll's ...
Registered in 0.000459 seconds.
Begin MonoManager ReloadAssembly
Native extension for OSXStandalone target not found
Refreshing native plugins compatible for Editor in 0.24 ms, found 1 plugins.
Preloading 0 native plugins for Editor in 0.00 ms.
Invoked RoslynAnalysisRunner static constructor.
RoslynAnalysisRunner will not be running.
RoslynAnalysisRunner has terminated.
Mono: successfully reloaded assembly
- Completed reload, in  1.025 seconds
Platform modules already initialized, skipping
Refreshing native plugins compatible for Editor in 0.20 ms, found 1 plugins.
Preloading 0 native plugins for Editor in 0.00 ms.
Unloading 1110 Unused Serialized files (Serialized files now loaded: 0)
System memory in use before: 232.4 MB.
System memory in use after: 232.5 MB.

Unloading 4 unused Assets to reduce memory usage. Loaded Objects now: 1659.
Total: 3.463279 ms (FindLiveObjects: 1.149166 ms CreateObjectMapping: 0.061290 ms MarkObjects: 1.553566 ms  DeleteObjects: 0.697944 ms)

========================================================================
Received Import Request.
  Time since last request: 1436.366340 seconds.
  path: Assets/RedMaterial.mat
  artifactKey: Guid(beeb61b3a12ef42f1b1aa987b655d8c2) Importer(815301076,1909f56bfc062723c751e8b465ee728b)
Start importing Assets/RedMaterial.mat using Guid(beeb61b3a12ef42f1b1aa987b655d8c2) Importer(815301076,1909f56bfc062723c751e8b465ee728b)  -> (artifact id: '3c16ef53b752e376b8044bf1e72507b5') in 0.128227 seconds
  Import took 0.132348 seconds .

========================================================================
Received Import Request.
  Time since last request: 38.876294 seconds.
  path: Assets/DefaultMaterial.mat
  artifactKey: Guid(b2bf02eae1d324ed99248bcc004a113d) Importer(815301076,1909f56bfc062723c751e8b465ee728b)
Start importing Assets/DefaultMaterial.mat using Guid(b2bf02eae1d324ed99248bcc004a113d) Importer(815301076,1909f56bfc062723c751e8b465ee728b)  -> (artifact id: 'a3ae22faf7b5b6446e553c10bdfd719c') in 0.021172 seconds
  Import took 0.025621 seconds .

========================================================================
Received Prepare
Registering precompiled user dll's ...
Registered in 0.000402 seconds.
Begin MonoManager ReloadAssembly
Native extension for OSXStandalone target not found
Refreshing native plugins compatible for Editor in 0.23 ms, found 1 plugins.
Preloading 0 native plugins for Editor in 0.00 ms.
Invoked RoslynAnalysisRunner static constructor.
RoslynAnalysisRunner will not be running.
RoslynAnalysisRunner has terminated.
Mono: successfully reloaded assembly
- Completed reload, in  0.797 seconds
Platform modules already initialized, skipping
Refreshing native plugins compatible for Editor in 0.27 ms, found 1 plugins.
Preloading 0 native plugins for Editor in 0.00 ms.
Unloading 1110 Unused Serialized files (Serialized files now loaded: 0)
System memory in use before: 234.3 MB.
System memory in use after: 234.4 MB.

Unloading 4 unused Assets to reduce memory usage. Loaded Objects now: 1663.
Total: 2.781073 ms (FindLiveObjects: 0.571228 ms CreateObjectMapping: 0.068473 ms MarkObjects: 2.112082 ms  DeleteObjects: 0.020342 ms)

========================================================================
Received Prepare
Registering precompiled user dll's ...
Registered in 0.000457 seconds.
Begin MonoManager ReloadAssembly
Native extension for OSXStandalone target not found
Refreshing native plugins compatible for Editor in 0.23 ms, found 1 plugins.
Preloading 0 native plugins for Editor in 0.00 ms.
Invoked RoslynAnalysisRunner static constructor.
RoslynAnalysisRunner will not be running.
RoslynAnalysisRunner has terminated.
Mono: successfully reloaded assembly
- Completed reload, in  0.774 seconds
Platform modules already initialized, skipping
Refreshing native plugins compatible for Editor in 0.29 ms, found 1 plugins.
Preloading 0 native plugins for Editor in 0.00 ms.
Unloading 1110 Unused Serialized files (Serialized files now loaded: 0)
System memory in use before: 235.9 MB.
System memory in use after: 236.0 MB.

Unloading 4 unused Assets to reduce memory usage. Loaded Objects now: 1666.
Total: 2.190083 ms (FindLiveObjects: 0.250000 ms CreateObjectMapping: 0.052359 ms MarkObjects: 1.868142 ms  DeleteObjects: 0.016875 ms)

========================================================================
Received Prepare
Registering precompiled user dll's ...
Registered in 0.001649 seconds.
Begin MonoManager ReloadAssembly
Native extension for OSXStandalone target not found
Refreshing native plugins compatible for Editor in 0.66 ms, found 1 plugins.
Preloading 0 native plugins for Editor in 0.00 ms.
Invoked RoslynAnalysisRunner static constructor.
RoslynAnalysisRunner will not be running.
RoslynAnalysisRunner has terminated.
Mono: successfully reloaded assembly
- Completed reload, in  1.233 seconds
Platform modules already initialized, skipping
Refreshing native plugins compatible for Editor in 0.24 ms, found 1 plugins.
Preloading 0 native plugins for Editor in 0.00 ms.
Unloading 1110 Unused Serialized files (Serialized files now loaded: 0)
System memory in use before: 237.4 MB.
System memory in use after: 237.5 MB.

Unloading 4 unused Assets to reduce memory usage. Loaded Objects now: 1669.
Total: 4.137609 ms (FindLiveObjects: 0.610687 ms CreateObjectMapping: 0.143150 ms MarkObjects: 3.359362 ms  DeleteObjects: 0.020366 ms)

========================================================================
Received Prepare
Registering precompiled user dll's ...
Registered in 0.000675 seconds.
Begin MonoManager ReloadAssembly
Native extension for OSXStandalone target not found
Refreshing native plugins compatible for Editor in 0.28 ms, found 1 plugins.
Preloading 0 native plugins for Editor in 0.00 ms.
Invoked RoslynAnalysisRunner static constructor.
RoslynAnalysisRunner will not be running.
RoslynAnalysisRunner has terminated.
Mono: successfully reloaded assembly
- Completed reload, in  1.221 seconds
Platform modules already initialized, skipping
Refreshing native plugins compatible for Editor in 0.21 ms, found 1 plugins.
Preloading 0 native plugins for Editor in 0.00 ms.
Unloading 1110 Unused Serialized files (Serialized files now loaded: 0)
System memory in use before: 239.1 MB.
System memory in use after: 239.2 MB.

Unloading 4 unused Assets to reduce memory usage. Loaded Objects now: 1672.
Total: 2.415842 ms (FindLiveObjects: 0.292676 ms CreateObjectMapping: 0.047220 ms MarkObjects: 2.031289 ms  DeleteObjects: 0.043132 ms)

========================================================================
Received Import Request.
  Time since last request: 1006.646449 seconds.
  path: Assets/BlueMaterial.mat
  artifactKey: Guid(beeb61b3a12ef42f1b1aa987b655d8c2) Importer(815301076,1909f56bfc062723c751e8b465ee728b)
Start importing Assets/BlueMaterial.mat using Guid(beeb61b3a12ef42f1b1aa987b655d8c2) Importer(815301076,1909f56bfc062723c751e8b465ee728b)  -> (artifact id: 'b5f1ecaed6bb71719ce37f936b3bad74') in 0.134279 seconds
  Import took 0.138030 seconds .

========================================================================
Received Import Request.
  Time since last request: 0.001483 seconds.
  path: Assets/RedMaterial 1.mat
  artifactKey: Guid(20924916e960145b0b9b9b689d6b2c03) Importer(815301076,1909f56bfc062723c751e8b465ee728b)
Start importing Assets/RedMaterial 1.mat using Guid(20924916e960145b0b9b9b689d6b2c03) Importer(815301076,1909f56bfc062723c751e8b465ee728b)  -> (artifact id: '45266d8ed413b5f24bbbe189a7e52677') in 0.010358 seconds
  Import took 0.013228 seconds .

========================================================================
Received Prepare
Registering precompiled user dll's ...
Registered in 0.000557 seconds.
Begin MonoManager ReloadAssembly
Native extension for OSXStandalone target not found
Refreshing native plugins compatible for Editor in 0.23 ms, found 1 plugins.
Preloading 0 native plugins for Editor in 0.00 ms.
Invoked RoslynAnalysisRunner static constructor.
RoslynAnalysisRunner will not be running.
RoslynAnalysisRunner has terminated.
Mono: successfully reloaded assembly
- Completed reload, in  1.036 seconds
Platform modules already initialized, skipping
Refreshing native plugins compatible for Editor in 0.20 ms, found 1 plugins.
Preloading 0 native plugins for Editor in 0.00 ms.
Unloading 1110 Unused Serialized files (Serialized files now loaded: 0)
System memory in use before: 240.9 MB.
System memory in use after: 241.0 MB.

Unloading 4 unused Assets to reduce memory usage. Loaded Objects now: 1676.
Total: 2.816951 ms (FindLiveObjects: 0.292366 ms CreateObjectMapping: 0.073283 ms MarkObjects: 2.428184 ms  DeleteObjects: 0.021171 ms)

AssetImportWorkerClient::OnTransportError - code=2 error=End of file
