Using pre-set license

 COMMAND LINE ARGUMENTS:
/Applications/Unity/Hub/Editor/2020.3.0f1/Unity.app/Contents/MacOS/Unity
-adb2
-batchMode
-noUpm
-name
AssetImportWorker71
-projectPath
/Users/sriyesh/Documents/Ray Tracing C++/3D model world building/New Unity Project
-logFile
Logs/AssetImportWorker71.log
-srvPort
62422
Successfully changed project path to: /Users/sriyesh/Documents/Ray Tracing C++/3D model world building/New Unity Project
/Users/sriyesh/Documents/Ray Tracing C++/3D model world building/New Unity Project
Using Asset Import Pipeline V2.
Refreshing native plugins compatible for Editor in 28.28 ms, found 1 plugins.
Preloading 0 native plugins for Editor in 0.00 ms.
Initialize engine version: 2020.3.0f1 (c7b5465681fb)
[Subsystems] Discovering subsystems at path /Applications/Unity/Hub/Editor/2020.3.0f1/Unity.app/Contents/Resources/UnitySubsystems
[Subsystems] Discovering subsystems at path /Users/sriyesh/Documents/Ray Tracing C++/3D model world building/New Unity Project/Assets
GfxDevice: creating device client; threaded=0
2024-06-17 19:56:31.064 Unity[22823:10724475] Color LCD preferred device: Intel(R) Iris(TM) Plus Graphics 645 (low power)
2024-06-17 19:56:31.064 Unity[22823:10724475] Metal devices available: 1
2024-06-17 19:56:31.064 Unity[22823:10724475] 0: Intel(R) Iris(TM) Plus Graphics 645 (low power)
2024-06-17 19:56:31.064 Unity[22823:10724475] Using device Intel(R) Iris(TM) Plus Graphics 645 (low power)
Initializing Metal device caps: Intel(R) Iris(TM) Plus Graphics 645
Initialize mono
Mono path[0] = '/Applications/Unity/Hub/Editor/2020.3.0f1/Unity.app/Contents/Managed'
Mono path[1] = '/Applications/Unity/Hub/Editor/2020.3.0f1/Unity.app/Contents/MonoBleedingEdge/lib/mono/unityjit'
Mono config path = '/Applications/Unity/Hub/Editor/2020.3.0f1/Unity.app/Contents/MonoBleedingEdge/etc'
Using monoOptions --debugger-agent=transport=dt_socket,embedding=1,server=y,suspend=n,address=127.0.0.1:56823
Begin MonoManager ReloadAssembly
Registering precompiled unity dll's ...
Register platform support module: /Applications/Unity/Hub/Editor/2020.3.0f1/Unity.app/Contents/PlaybackEngines/MacStandaloneSupport/UnityEditor.OSXStandalone.Extensions.dll
Registered in 0.003084 seconds.
Native extension for OSXStandalone target not found
Refreshing native plugins compatible for Editor in 24.76 ms, found 1 plugins.
Preloading 0 native plugins for Editor in 0.00 ms.
Invoked RoslynAnalysisRunner static constructor.
RoslynAnalysisRunner will not be running.
RoslynAnalysisRunner has terminated.
Mono: successfully reloaded assembly
- Completed reload, in  2.259 seconds
Platform modules already initialized, skipping
Registering precompiled user dll's ...
Registered in 0.001212 seconds.
