Using pre-set license

 COMMAND LINE ARGUMENTS:
/Applications/Unity/Hub/Editor/2020.3.0f1/Unity.app/Contents/MacOS/Unity
-adb2
-batchMode
-noUpm
-name
AssetImportWorker89
-projectPath
/Users/sriyesh/Documents/Ray Tracing C++/3D model world building/New Unity Project
-logFile
Logs/AssetImportWorker89.log
-srvPort
62422
Successfully changed project path to: /Users/sriyesh/Documents/Ray Tracing C++/3D model world building/New Unity Project
/Users/sriyesh/Documents/Ray Tracing C++/3D model world building/New Unity Project
Using Asset Import Pipeline V2.
Refreshing native plugins compatible for Editor in 24.20 ms, found 1 plugins.
Preloading 0 native plugins for Editor in 0.00 ms.
Initialize engine version: 2020.3.0f1 (c7b5465681fb)
[Subsystems] Discovering subsystems at path /Applications/Unity/Hub/Editor/2020.3.0f1/Unity.app/Contents/Resources/UnitySubsystems
[Subsystems] Discovering subsystems at path /Users/sriyesh/Documents/Ray Tracing C++/3D model world building/New Unity Project/Assets
GfxDevice: creating device client; threaded=0
2024-06-17 20:33:23.001 Unity[25167:10741519] Color LCD preferred device: Intel(R) Iris(TM) Plus Graphics 645 (low power)
2024-06-17 20:33:23.001 Unity[25167:10741519] Metal devices available: 1
2024-06-17 20:33:23.001 Unity[25167:10741519] 0: Intel(R) Iris(TM) Plus Graphics 645 (low power)
2024-06-17 20:33:23.002 Unity[25167:10741519] Using device Intel(R) Iris(TM) Plus Graphics 645 (low power)
Initializing Metal device caps: Intel(R) Iris(TM) Plus Graphics 645
Initialize mono
Mono path[0] = '/Applications/Unity/Hub/Editor/2020.3.0f1/Unity.app/Contents/Managed'
Mono path[1] = '/Applications/Unity/Hub/Editor/2020.3.0f1/Unity.app/Contents/MonoBleedingEdge/lib/mono/unityjit'
Mono config path = '/Applications/Unity/Hub/Editor/2020.3.0f1/Unity.app/Contents/MonoBleedingEdge/etc'
Using monoOptions --debugger-agent=transport=dt_socket,embedding=1,server=y,suspend=n,address=127.0.0.1:56167
Begin MonoManager ReloadAssembly
Registering precompiled unity dll's ...
Register platform support module: /Applications/Unity/Hub/Editor/2020.3.0f1/Unity.app/Contents/PlaybackEngines/MacStandaloneSupport/UnityEditor.OSXStandalone.Extensions.dll
Registered in 0.000469 seconds.
Native extension for OSXStandalone target not found
Refreshing native plugins compatible for Editor in 68.47 ms, found 1 plugins.
Preloading 0 native plugins for Editor in 0.00 ms.
Invoked RoslynAnalysisRunner static constructor.
RoslynAnalysisRunner will not be running.
RoslynAnalysisRunner has terminated.
Mono: successfully reloaded assembly
- Completed reload, in  2.463 seconds
Platform modules already initialized, skipping
Registering precompiled user dll's ...
Registered in 0.001670 seconds.
